Using pre-set license
Built from '2020.2/staging' branch; Version is '2020.2.6f1 (8a2143876886) revision 9052483'; Using compiler version '192528614'; Build Type 'Release'
OS: 'Windows 10 Home; OS build 19041.985; Version 2004; 64bit' Language: 'ja' Physical Memory: 16234 MB
BatchMode: 1, IsHumanControllingUs: 0, StartBugReporterOnCrash: 0, Is64bit: 1, IsPro: 0

 COMMAND LINE ARGUMENTS:
C:\Program Files\Unity\Hub\Editor\2020.2.6f1\Unity\Editor\Unity.exe
-adb2
-batchMode
-noUpm
-name
AssetImportWorker0
-projectPath
C:/Users/Eloy/Desktop/Block 4/NAD/Attack-on-Titan-AR/Attack on Titan AR
-logFile
Logs/AssetImportWorker0.log
-srvPort
3928
Successfully changed project path to: C:/Users/Eloy/Desktop/Block 4/NAD/Attack-on-Titan-AR/Attack on Titan AR
C:/Users/Eloy/Desktop/Block 4/NAD/Attack-on-Titan-AR/Attack on Titan AR
Using Asset Import Pipeline V2.
Refreshing native plugins compatible for Editor in 36.46 ms, found 2 plugins.
Preloading 1 native plugins for Editor in 1.19 ms.
Initialize engine version: 2020.2.6f1 (8a2143876886)
[Subsystems] Discovering subsystems at path C:/Program Files/Unity/Hub/Editor/2020.2.6f1/Unity/Editor/Data/Resources/UnitySubsystems
[Subsystems] Discovering subsystems at path C:/Users/Eloy/Desktop/Block 4/NAD/Attack-on-Titan-AR/Attack on Titan AR/Assets
GfxDevice: creating device client; threaded=0
Direct3D:
    Version:  Direct3D 11.0 [level 11.1]
    Renderer: NVIDIA GeForce GTX 1660 Ti (ID=0x2191)
    Vendor:   
    VRAM:     5991 MB
    Driver:   27.21.14.6172
Shader 'PointClouds/PointSplat': fallback shader 'PointClouds/PointSplatLegacy' not found
Initialize mono
Mono path[0] = 'C:/Program Files/Unity/Hub/Editor/2020.2.6f1/Unity/Editor/Data/Managed'
Mono path[1] = 'C:/Program Files/Unity/Hub/Editor/2020.2.6f1/Unity/Editor/Data/MonoBleedingEdge/lib/mono/unityjit'
Mono config path = 'C:/Program Files/Unity/Hub/Editor/2020.2.6f1/Unity/Editor/Data/MonoBleedingEdge/etc'
Using monoOptions --debugger-agent=transport=dt_socket,embedding=1,server=y,suspend=n,address=127.0.0.1:56508
Begin MonoManager ReloadAssembly
Registering precompiled unity dll's ...
Register platform support module: C:/Program Files/Unity/Hub/Editor/2020.2.6f1/Unity/Editor/Data/PlaybackEngines/WindowsStandaloneSupport/UnityEditor.WindowsStandalone.Extensions.dll
Registered in 0.001714 seconds.
Native extension for WindowsStandalone target not found
Refreshing native plugins compatible for Editor in 43.39 ms, found 2 plugins.
Preloading 1 native plugins for Editor in 0.06 ms.
Invoked RoslynAnalysisRunner static constructor.
RoslynAnalysisRunner will not be running.
RoslynAnalysisRunner has terminated.
Mono: successfully reloaded assembly
- Completed reload, in  1.084 seconds
Platform modules already initialized, skipping
Registering precompiled user dll's ...
Registered in 0.004161 seconds.
Begin MonoManager ReloadAssembly
Native extension for WindowsStandalone target not found
Refreshing native plugins compatible for Editor in 0.38 ms, found 2 plugins.
Preloading 1 native plugins for Editor in 0.06 ms.
System.NullReferenceException: Object reference not set to an instance of an object
  at Vuforia.EditorClasses.ExtensionTypeProvider.GetVuforiaPackageAbsPath () [0x0004a] in <f93bc12ce1034617aac9a18135b94276>:0 
  at Vuforia.EditorClasses.ExtensionTypeProvider.IsPackageManager () [0x00000] in <f93bc12ce1034617aac9a18135b94276>:0 
  at Vuforia.EditorClasses.ExtensionTypeProvider.ResolvePluginType () [0x00009] in <f93bc12ce1034617aac9a18135b94276>:0 
  at Vuforia.EditorClasses.ExtensionTypeProvider.GetPluginType () [0x0000c] in <f93bc12ce1034617aac9a18135b94276>:0 
  at Vuforia.EditorClasses.VuforiaUtilities.IsVuforiaEnabledInPlayerSettings () [0x00000] in <f93bc12ce1034617aac9a18135b94276>:0 
  at VuforiaEnabledObserver..cctor () [0x00000] in <f93bc12ce1034617aac9a18135b94276>:0 
UnityEngine.StackTraceUtility:ExtractStackTrace ()
UnityEngine.DebugLogHandler:LogFormat (UnityEngine.LogType,UnityEngine.Object,string,object[])
UnityEngine.Logger:Log (UnityEngine.LogType,object)
UnityEngine.Debug:LogError (object)
UnityEditor.EditorAssemblies:ProcessInitializeOnLoadAttributes (System.Type[])

System.NullReferenceException: Object reference not set to an instance of an object
  at Vuforia.EditorClasses.ExtensionTypeProvider.GetVuforiaPackageAbsPath () [0x0004a] in <f93bc12ce1034617aac9a18135b94276>:0 
  at Vuforia.EditorClasses.ExtensionTypeProvider.IsPackageManager () [0x00000] in <f93bc12ce1034617aac9a18135b94276>:0 
  at Vuforia.EditorClasses.ExtensionTypeProvider.ResolvePluginType () [0x00009] in <f93bc12ce1034617aac9a18135b94276>:0 
  at Vuforia.EditorClasses.ExtensionTypeProvider.GetPluginType () [0x0000c] in <f93bc12ce1034617aac9a18135b94276>:0 
  at Vuforia.EditorClasses.VuforiaUtilities.IsVuforiaEnabledInPlayerSettings () [0x00000] in <f93bc12ce1034617aac9a18135b94276>:0 
  at Vuforia.EditorClasses.InitializeOnLoadVuforiaTaskRunner..cctor () [0x00015] in <f93bc12ce1034617aac9a18135b94276>:0 
UnityEngine.StackTraceUtility:ExtractStackTrace ()
UnityEngine.DebugLogHandler:LogFormat (UnityEngine.LogType,UnityEngine.Object,string,object[])
UnityEngine.Logger:Log (UnityEngine.LogType,object)
UnityEngine.Debug:LogError (object)
UnityEditor.EditorAssemblies:ProcessInitializeOnLoadAttributes (System.Type[])

Invoked RoslynAnalysisRunner static constructor.
RoslynAnalysisRunner will not be running.
RoslynAnalysisRunner has terminated.
Mono: successfully reloaded assembly
- Completed reload, in  0.857 seconds
Platform modules already initialized, skipping
========================================================================
Worker process is ready to serve import requests
Shader 'PointClouds/PointSplat': fallback shader 'PointClouds/PointSplatLegacy' not found
Launched and connected shader compiler UnityShaderCompiler.exe after 0.04 seconds
Refreshing native plugins compatible for Editor in 0.36 ms, found 2 plugins.
Preloading 1 native plugins for Editor in 0.06 ms.
Unloading 1151 Unused Serialized files (Serialized files now loaded: 0)
System memory in use before: 60.6 MB.
System memory in use after: 60.7 MB.

Unloading 37 unused Assets to reduce memory usage. Loaded Objects now: 1849.
Total: 1.771300 ms (FindLiveObjects: 0.153200 ms CreateObjectMapping: 0.049600 ms MarkObjects: 1.499300 ms  DeleteObjects: 0.067700 ms)

========================================================================
Received Import Request.
  path: Assets
  artifactKey: Guid(00000000000000001000000000000000) Importer(815301076,1909f56bfc062723c751e8b465ee728b)
Start importing Assets using Guid(00000000000000001000000000000000) Importer(815301076,1909f56bfc062723c751e8b465ee728b)  -> (artifact id: 'f47cf443bddc682ac2de11ea429897ce') in 0.008477 seconds
  Import took 0.013324 seconds .

========================================================================
Received Import Request.
  Time since last request: 4.769314 seconds.
  path: Assets/Sprites
  artifactKey: Guid(bf7574bd381dab64c891a0aca4f6d268) Importer(815301076,1909f56bfc062723c751e8b465ee728b)
Start importing Assets/Sprites using Guid(bf7574bd381dab64c891a0aca4f6d268) Importer(815301076,1909f56bfc062723c751e8b465ee728b)  -> (artifact id: '0845bcd1b470ab95cb2a2a65b0e3d0df') in 0.011806 seconds
  Import took 0.016396 seconds .

========================================================================
Received Import Request.
  Time since last request: 36.037311 seconds.
  path: Assets/Sprites/34 - Attack on Titan-035.jpg
  artifactKey: Guid(bae1f76eff6469a47933c4efcbabb248) Importer(815301076,1909f56bfc062723c751e8b465ee728b)
Start importing Assets/Sprites/34 - Attack on Titan-035.jpg using Guid(bae1f76eff6469a47933c4efcbabb248) Importer(815301076,1909f56bfc062723c751e8b465ee728b)  -> (artifact id: '518374e5f2171e37153a0bab0fb6f0e2') in 0.111462 seconds
  Import took 0.113549 seconds .

========================================================================
Received Import Request.
  Time since last request: 2.535766 seconds.
  path: Assets/Sprites/34 - Attack on Titan-035.jpg
  artifactKey: Guid(bae1f76eff6469a47933c4efcbabb248) Importer(815301076,1909f56bfc062723c751e8b465ee728b)
Start importing Assets/Sprites/34 - Attack on Titan-035.jpg using Guid(bae1f76eff6469a47933c4efcbabb248) Importer(815301076,1909f56bfc062723c751e8b465ee728b)  -> (artifact id: '0466dba3550a9981eceb18cba4dc95be') in 0.083549 seconds
  Import took 0.085587 seconds .

========================================================================
Received Import Request.
  Time since last request: 72.331765 seconds.
  path: Assets/3D Models
  artifactKey: Guid(76e5ccee5ad573c4faf5e43a7ba7757d) Importer(815301076,1909f56bfc062723c751e8b465ee728b)
Start importing Assets/3D Models using Guid(76e5ccee5ad573c4faf5e43a7ba7757d) Importer(815301076,1909f56bfc062723c751e8b465ee728b)  -> (artifact id: '7d059c09f8c141f5d5cbf62a140a7131') in 0.006938 seconds
  Import took 0.011540 seconds .

========================================================================
Received Import Request.
  Time since last request: 2891.955341 seconds.
  path: Assets/3D Models/Attack Titan.fbx
  artifactKey: Guid(1b5ff7457a867e3468cdb06f412bf41e) Importer(815301076,1909f56bfc062723c751e8b465ee728b)
Start importing Assets/3D Models/Attack Titan.fbx using Guid(1b5ff7457a867e3468cdb06f412bf41e) Importer(815301076,1909f56bfc062723c751e8b465ee728b)  -> (artifact id: 'a5308eab7bd7204fb008ffcd42abbd22') in 0.624402 seconds
  Import took 0.628174 seconds .

========================================================================
Received Import Request.
  Time since last request: 283.433162 seconds.
  path: Assets/3D Models/Attack Titan Textures
  artifactKey: Guid(ebb969f69a4e44f42bbb249ff580c2ee) Importer(815301076,1909f56bfc062723c751e8b465ee728b)
Start importing Assets/3D Models/Attack Titan Textures using Guid(ebb969f69a4e44f42bbb249ff580c2ee) Importer(815301076,1909f56bfc062723c751e8b465ee728b)  -> (artifact id: '53969b648f51da481ea2b7ef623ee59c') in 0.006848 seconds
  Import took 0.011631 seconds .

========================================================================
Received Import Request.
  Time since last request: 9.128162 seconds.
  path: Assets/3D Models/Attack Titan Skin
  artifactKey: Guid(ebb969f69a4e44f42bbb249ff580c2ee) Importer(815301076,1909f56bfc062723c751e8b465ee728b)
Start importing Assets/3D Models/Attack Titan Skin using Guid(ebb969f69a4e44f42bbb249ff580c2ee) Importer(815301076,1909f56bfc062723c751e8b465ee728b)  -> (artifact id: '8c03f08c6950dd8287959449555efee8') in 0.010827 seconds
  Import took 0.014138 seconds .

AssetImportWorkerClient::OnTransportError - code=2 error=End of file
